<?xml version="1.0" encoding="UTF-8"?>
<!-- Generated by org.testng.reporters.JUnitReportReporter -->
<testsuite hostname="DESKTOP-3FKESNU" failures="0" tests="7" name="base.HomeBase" time="14.656" errors="0" timestamp="2023-06-13T16:12:11 IST" skipped="0">
  <testcase classname="base.HomeBase" name="confirmOrder" time="4.784"/>
  <system-out/>
  <testcase classname="base.HomeBase" name="logoutFromSauceDemo" time="0.004"/>
  <system-out/>
  <testcase classname="base.HomeBase" name="removeItems" time="1.274"/>
  <system-out/>
  <testcase classname="base.HomeBase" name="sortPriceLowToHigh" time="1.884"/>
  <system-out/>
  <testcase classname="base.HomeBase" name="gotoCart" time="0.330"/>
  <system-out/>
  <testcase classname="base.HomeBase" name="addAllItemsToCart" time="1.929"/>
  <system-out/>
  <testcase classname="base.HomeBase" name="loginSwagLabs" time="4.451"/>
  <system-out/>
</testsuite> <!-- base.HomeBase -->
