<?xml version="1.0" encoding="UTF-8"?>
<!-- Generated by org.testng.reporters.JUnitReportReporter -->
<testsuite hostname="DESKTOP-3FKESNU" failures="0" tests="7" name="businesscomponents.NewTest" time="14.684" errors="0" timestamp="2023-06-13T16:49:29 IST" skipped="0">
  <testcase classname="businesscomponents.NewTest" name="logoutFromSauceDemo" time="2.650"/>
  <system-out/>
  <testcase classname="businesscomponents.NewTest" name="confirmOrder" time="5.979"/>
  <system-out/>
  <testcase classname="businesscomponents.NewTest" name="addAllItemsToCart" time="0.851"/>
  <system-out/>
  <testcase classname="businesscomponents.NewTest" name="removeItems" time="1.150"/>
  <system-out/>
  <testcase classname="businesscomponents.NewTest" name="loginSwagLabs" time="2.056"/>
  <system-out/>
  <testcase classname="businesscomponents.NewTest" name="sortPriceLowToHigh" time="1.874"/>
  <system-out/>
  <testcase classname="businesscomponents.NewTest" name="gotoCart" time="0.124"/>
  <system-out/>
</testsuite> <!-- businesscomponents.NewTest -->
